<?xml version="1.0" encoding="UTF-8"?>
<testng-results ignored="0" total="1" passed="1" failed="0" skipped="0">
  <reporter-output>
    <line>
      <![CDATA[Hello]]>
    </line>
  </reporter-output>
  <suite started-at="2023-07-21T12:27:33 IST" name="Default suite" finished-at="2023-07-21T12:27:33 IST" duration-ms="65">
    <groups>
    </groups>
    <test started-at="2023-07-21T12:27:33 IST" name="Default test" finished-at="2023-07-21T12:27:33 IST" duration-ms="65">
      <class name="mavenGit.Hello">
        <test-method signature="firstMethod()[pri:0, instance:mavenGit.Hello@72967906]" started-at="2023-07-21T12:27:33 IST" name="firstMethod" finished-at="2023-07-21T12:27:33 IST" duration-ms="16" status="PASS">
          <reporter-output>
            <line>
              <![CDATA[Hello]]>
            </line>
          </reporter-output>
        </test-method> <!-- firstMethod -->
      </class> <!-- mavenGit.Hello -->
    </test> <!-- Default test -->
  </suite> <!-- Default suite -->
</testng-results>
